Arguments: 
  C:\Program Files\nodejs\node.exe C:\Users\zyyx-9\AppData\Roaming\npm\node_modules\yarn\bin\yarn.js add syntax-dynamic-import

PATH: 
  C:\Users\zyyx-9\bin;C:\Program Files\Git\mingw64\bin;C:\Program Files\Git\usr\local\bin;C:\Program Files\Git\usr\bin;C:\Program Files\Git\usr\bin;C:\Program Files\Git\mingw64\bin;C:\Program Files\Git\usr\bin;C:\Users\zyyx-9\bin;C:\Windows\system32;C:\Windows;C:\Windows\System32\Wbem;C:\Windows\System32\WindowsPowerShell\v1.0;C:\Windows\System32\OpenSSH;C:\Program Files\nodejs;C:\Program Files\Git\cmd;C:\Users\zyyx-9\AppData\Local\Microsoft\WindowsApps;C:\Users\zyyx-9\AppData\Local\Programs\Microsoft VS Code\bin;C:\Users\zyyx-9\AppData\Roaming\npm;C:\Program Files\Git\usr\bin\vendor_perl;C:\Program Files\Git\usr\bin\core_perl

Yarn version: 
  1.22.11

Node version: 
  16.8.0

Platform: 
  win32 x64

Trace: 
  Error: http://npm.go-goal.com/syntax-dynamic-import: no such package available
      at Request.params.callback [as _callback] (C:\Users\zyyx-9\AppData\Roaming\npm\node_modules\yarn\lib\cli.js:66992:18)
      at Request.self.callback (C:\Users\zyyx-9\AppData\Roaming\npm\node_modules\yarn\lib\cli.js:140763:22)
      at Request.emit (node:events:394:28)
      at Request.<anonymous> (C:\Users\zyyx-9\AppData\Roaming\npm\node_modules\yarn\lib\cli.js:141735:10)
      at Request.emit (node:events:394:28)
      at IncomingMessage.<anonymous> (C:\Users\zyyx-9\AppData\Roaming\npm\node_modules\yarn\lib\cli.js:141657:12)
      at Object.onceWrapper (node:events:513:28)
      at IncomingMessage.emit (node:events:406:35)
      at endReadableNT (node:internal/streams/readable:1343:12)
      at processTicksAndRejections (node:internal/process/task_queues:83:21)

npm manifest: 
  {
    "name": "vue2-template",
    "version": "1.0.0",
    "description": "",
    "main": "index.js",
    "scripts": {
      "test": "echo \"Error: no test specified\" && exit 1",
      "build": "cross-env NODE_ENV=production webpack --progress --config ./webpack.config.js",
      "dev": "webpack-dev-server --open --hot"
    },
    "dependencies": {
      "vue": "^2.5.11",
      "vue-router": "^3.5.2",
      "vue-style-loader": "^4.1.3"
    },
    "devDependencies": {
      "babel-core": "^6.26.0",
      "babel-loader": "^7.1.2",
      "babel-preset-env": "^1.6.0",
      "babel-preset-stage-3": "^6.24.1",
      "cross-env": "^5.0.5",
      "css-loader": "^0.28.7",
      "file-loader": "^1.1.4",
      "vue-loader": "^13.0.5",
      "vue-template-compiler": "^2.4.4",
      "webpack": "^3.6.0",
      "webpack-dev-server": "^2.9.1"
    }
  }

yarn manifest: 
  No manifest

Lockfile: 
  No lockfile
